Determining if the pthread_create exist failed with the following output:
Change Dir: /home/book/SmartGateway/build/CMakeFiles/CMakeTmp

Run Build Command:"/usr/bin/make" "cmTC_c6467/fast"
make[1]: Entering directory '/home/book/SmartGateway/build/CMakeFiles/CMakeTmp'
/usr/bin/make -f CMakeFiles/cmTC_c6467.dir/build.make CMakeFiles/cmTC_c6467.dir/build
make[2]: Entering directory '/home/book/SmartGateway/build/CMakeFiles/CMakeTmp'
Building C object CMakeFiles/cmTC_c6467.dir/CheckSymbolExists.c.o
/usr/bin/cc    -o CMakeFiles/cmTC_c6467.dir/CheckSymbolExists.c.o   -c /home/book/SmartGateway/build/CMakeFiles/CMakeTmp/CheckSymbolExists.c
Linking C executable cmTC_c6467
/usr/bin/cmake -E cmake_link_script CMakeFiles/cmTC_c6467.dir/link.txt --verbose=1
/usr/bin/cc      CMakeFiles/cmTC_c6467.dir/CheckSymbolExists.c.o  -o cmTC_c6467 
CMakeFiles/cmTC_c6467.dir/CheckSymbolExists.c.o: In function `main':
CheckSymbolExists.c:(.text+0x1b): undefined reference to `pthread_create'
collect2: error: ld returned 1 exit status
CMakeFiles/cmTC_c6467.dir/build.make:97: recipe for target 'cmTC_c6467' failed
make[2]: *** [cmTC_c6467] Error 1
make[2]: Leaving directory '/home/book/SmartGateway/build/CMakeFiles/CMakeTmp'
Makefile:126: recipe for target 'cmTC_c6467/fast' failed
make[1]: *** [cmTC_c6467/fast] Error 2
make[1]: Leaving directory '/home/book/SmartGateway/build/CMakeFiles/CMakeTmp'

File /home/book/SmartGateway/build/CMakeFiles/CMakeTmp/CheckSymbolExists.c:
/* */
#include <pthread.h>

int main(int argc, char** argv)
{
  (void)argv;
#ifndef pthread_create
  return ((int*)(&pthread_create))[argc];
#else
  (void)argc;
  return 0;
#endif
}

Determining if the function pthread_create exists in the pthreads failed with the following output:
Change Dir: /home/book/SmartGateway/build/CMakeFiles/CMakeTmp

Run Build Command:"/usr/bin/make" "cmTC_6c65c/fast"
make[1]: Entering directory '/home/book/SmartGateway/build/CMakeFiles/CMakeTmp'
/usr/bin/make -f CMakeFiles/cmTC_6c65c.dir/build.make CMakeFiles/cmTC_6c65c.dir/build
make[2]: Entering directory '/home/book/SmartGateway/build/CMakeFiles/CMakeTmp'
Building C object CMakeFiles/cmTC_6c65c.dir/CheckFunctionExists.c.o
/usr/bin/cc   -DCHECK_FUNCTION_EXISTS=pthread_create   -o CMakeFiles/cmTC_6c65c.dir/CheckFunctionExists.c.o   -c /usr/share/cmake-3.10/Modules/CheckFunctionExists.c
Linking C executable cmTC_6c65c
/usr/bin/cmake -E cmake_link_script CMakeFiles/cmTC_6c65c.dir/link.txt --verbose=1
/usr/bin/cc  -DCHECK_FUNCTION_EXISTS=pthread_create    CMakeFiles/cmTC_6c65c.dir/CheckFunctionExists.c.o  -o cmTC_6c65c -lpthreads 
/usr/bin/ld: cannot find -lpthreads
collect2: error: ld returned 1 exit status
CMakeFiles/cmTC_6c65c.dir/build.make:97: recipe for target 'cmTC_6c65c' failed
make[2]: *** [cmTC_6c65c] Error 1
make[2]: Leaving directory '/home/book/SmartGateway/build/CMakeFiles/CMakeTmp'
Makefile:126: recipe for target 'cmTC_6c65c/fast' failed
make[1]: *** [cmTC_6c65c/fast] Error 2
make[1]: Leaving directory '/home/book/SmartGateway/build/CMakeFiles/CMakeTmp'


